#
# There is insufficient memory for the Java Runtime Environment to continue.
# Native memory allocation (malloc) failed to allocate 5018648 bytes. Error detail: Chunk::new
# Possible reasons:
#   The system is out of physical RAM or swap space
#   This process is running with CompressedOops enabled, and the Java Heap may be blocking the growth of the native heap
# Possible solutions:
#   Reduce memory load on the system
#   Increase physical memory or swap space
#   Check if swap backing store is full
#   Decrease Java heap size (-Xmx/-Xms)
#   Decrease number of Java threads
#   Decrease Java thread stack sizes (-Xss)
#   Set larger code cache with -XX:ReservedCodeCacheSize=
#   JVM is running with Unscaled Compressed Oops mode in which the Java heap is
#     placed in the first 4GB address space. The Java Heap base address is the
#     maximum limit for the native heap growth. Please use -XX:HeapBaseMinAddress
#     to set the Java Heap base and to place the Java Heap above 4GB virtual address.
# This output file may be truncated or incomplete.
#
#  Out of Memory Error (arena.cpp:186), pid=19028, tid=23420
#
# JRE version: Java(TM) SE Runtime Environment (25.0.1+8) (build 25.0.1+8-LTS-27)
# Java VM: Java HotSpot(TM) 64-Bit Server VM (25.0.1+8-LTS-27, mixed mode, sharing, tiered, compressed oops, compressed class ptrs, g1 gc, windows-amd64)
# No core dump will be written. Minidumps are not enabled by default on client versions of Windows
#

---------------  S U M M A R Y ------------

Command Line: -javaagent:C:\Users\PAPA ALY\Downloads\idea-2025.3.3.win\lib\idea_rt.jar=58887 -Dfile.encoding=UTF-8 -Dsun.stdout.encoding=UTF-8 -Dsun.stderr.encoding=UTF-8 com.univscheduler.MainApp

Host: Intel(R) Core(TM) i5-6300U CPU @ 2.40GHz, 4 cores, 7G,  Windows 11 , 64 bit Build 26100 (10.0.26100.7920)
Time: Fri Mar 20 02:28:59 2026 Temps universel coordonné elapsed time: 7.640663 seconds (0d 0h 0m 7s)

---------------  T H R E A D  ---------------

Current thread (0x0000021032c0c9d0):  JavaThread "C2 CompilerThread0" daemon [_thread_in_native, id=23420, stack(0x0000009eb9a00000,0x0000009eb9b00000) (1024K)]


Current CompileTask:
C2:7640 2840       4       java.util.HashSet::add (20 bytes)

Stack: [0x0000009eb9a00000,0x0000009eb9b00000]
Native frames: (J=compiled Java code, j=interpreted, Vv=VM code, C=native code)
V  [jvm.dll+0x7a6b59]  (no source info available)
V  [jvm.dll+0x77290d]  (no source info available)
V  [jvm.dll+0x966153]  (no source info available)
V  [jvm.dll+0x968751]  (no source info available)
V  [jvm.dll+0x968e53]  (no source info available)
V  [jvm.dll+0x2fc756]  (no source info available)
V  [jvm.dll+0x111b26]  (no source info available)
V  [jvm.dll+0x111e4e]  (no source info available)
V  [jvm.dll+0x1a0a22]  (no source info available)
V  [jvm.dll+0x3b53c2]  (no source info available)
V  [jvm.dll+0x7ac4ef]  (no source info available)
V  [jvm.dll+0x2c0ac7]  (no source info available)
V  [jvm.dll+0x2bfa8f]  (no source info available)
V  [jvm.dll+0x237b60]  (no source info available)
V  [jvm.dll+0x2cfb56]  (no source info available)
V  [jvm.dll+0x2cddd5]  (no source info available)
V  [jvm.dll+0x48e6d1]  (no source info available)
V  [jvm.dll+0x906a0d]  (no source info available)
V  [jvm.dll+0x7a5135]  (no source info available)
C  [ucrtbase.dll+0x37b0]  (no source info available)
C  [KERNEL32.DLL+0x2e8d7]  (no source info available)
C  [ntdll.dll+0x8c48c]  (no source info available)

Lock stack of current Java thread (top to bottom):


---------------  P R O C E S S  ---------------

Threads class SMR info:
_java_thread_list=0x0000021038d85bd0, length=21, elements={
0x0000021032bcb340, 0x0000021032bcc300, 0x0000021032bd0010, 0x0000021032bd20e0,
0x0000021032bdac90, 0x0000021032c039a0, 0x0000021032c0c9d0, 0x0000021032c16920,
0x00000210370ea740, 0x0000021037207f60, 0x00000210371f13e0, 0x00000210377146c0,
0x0000021037715e50, 0x00000210379e87a0, 0x00000210388fb260, 0x000002101661b940,
0x00000210370f0be0, 0x0000021037bed170, 0x0000021037a56490, 0x0000021037be78c0,
0x0000021037bea7a0
}

Java Threads: ( => current thread )
  0x0000021032bcb340 JavaThread "Reference Handler"          daemon [_thread_blocked, id=13716, stack(0x0000009eb9400000,0x0000009eb9500000) (1024K)]
  0x0000021032bcc300 JavaThread "Finalizer"                  daemon [_thread_blocked, id=25324, stack(0x0000009eb9500000,0x0000009eb9600000) (1024K)]
  0x0000021032bd0010 JavaThread "Signal Dispatcher"          daemon [_thread_blocked, id=10156, stack(0x0000009eb9600000,0x0000009eb9700000) (1024K)]
  0x0000021032bd20e0 JavaThread "Attach Listener"            daemon [_thread_blocked, id=3924, stack(0x0000009eb9700000,0x0000009eb9800000) (1024K)]
  0x0000021032bdac90 JavaThread "Service Thread"             daemon [_thread_blocked, id=14700, stack(0x0000009eb9800000,0x0000009eb9900000) (1024K)]
  0x0000021032c039a0 JavaThread "Monitor Deflation Thread"   daemon [_thread_blocked, id=21876, stack(0x0000009eb9900000,0x0000009eb9a00000) (1024K)]
=>0x0000021032c0c9d0 JavaThread "C2 CompilerThread0"         daemon [_thread_in_native, id=23420, stack(0x0000009eb9a00000,0x0000009eb9b00000) (1024K)]
  0x0000021032c16920 JavaThread "C1 CompilerThread0"         daemon [_thread_blocked, id=6512, stack(0x0000009eb9b00000,0x0000009eb9c00000) (1024K)]
  0x00000210370ea740 JavaThread "Common-Cleaner"             daemon [_thread_blocked, id=17604, stack(0x0000009eb9c00000,0x0000009eb9d00000) (1024K)]
  0x0000021037207f60 JavaThread "Monitor Ctrl-Break"         daemon [_thread_in_native, id=9432, stack(0x0000009eb9d00000,0x0000009eb9e00000) (1024K)]
  0x00000210371f13e0 JavaThread "Notification Thread"        daemon [_thread_blocked, id=14996, stack(0x0000009eb9e00000,0x0000009eb9f00000) (1024K)]
  0x00000210377146c0 JavaThread "Java2D Disposer"            daemon [_thread_blocked, id=13952, stack(0x0000009eb9f00000,0x0000009eba000000) (1024K)]
  0x0000021037715e50 JavaThread "AWT-Windows"                daemon [_thread_in_native, id=27096, stack(0x0000009eba100000,0x0000009eba200000) (1024K)]
  0x00000210379e87a0 JavaThread "AWT-Shutdown"                      [_thread_blocked, id=26124, stack(0x0000009eba500000,0x0000009eba600000) (1024K)]
  0x00000210388fb260 JavaThread "AWT-EventQueue-0"                  [_thread_blocked, id=4844, stack(0x0000009eba600000,0x0000009eba700000) (1024K)]
  0x000002101661b940 JavaThread "DestroyJavaVM"                     [_thread_blocked, id=23912, stack(0x0000009eb8c00000,0x0000009eb8d00000) (1024K)]
  0x00000210370f0be0 JavaThread "RMI TCP Accept-0"           daemon [_thread_in_native, id=6468, stack(0x0000009eba700000,0x0000009eba800000) (1024K)]
  0x0000021037bed170 JavaThread "RMI TCP Connection(1)-192.168.1.99" daemon [_thread_in_native, id=23732, stack(0x0000009eba800000,0x0000009eba900000) (1024K)]
  0x0000021037a56490 JavaThread "RMI Scheduler(0)"           daemon [_thread_blocked, id=6312, stack(0x0000009eba900000,0x0000009ebaa00000) (1024K)]
  0x0000021037be78c0 JavaThread "JMX server connection timeout 40" daemon [_thread_blocked, id=23976, stack(0x0000009ebaa00000,0x0000009ebab00000) (1024K)]
  0x0000021037bea7a0 JavaThread "TimerQueue"                 daemon [_thread_blocked, id=2428, stack(0x0000009eba400000,0x0000009eba500000) (1024K)]
Total: 21

Other Threads:
  0x0000021032bb7910 VMThread "VM Thread"                           [id=20696, stack(0x0000009eb9300000,0x0000009eb9400000) (1024K)]
  0x00000210166de410 WatcherThread "VM Periodic Task Thread"        [id=14368, stack(0x0000009eb9200000,0x0000009eb9300000) (1024K)]
  0x0000021016673c30 WorkerThread "GC Thread#0"                     [id=15532, stack(0x0000009eb8d00000,0x0000009eb8e00000) (1024K)]
  0x00000210379c52f0 WorkerThread "GC Thread#1"                     [id=20516, stack(0x0000009eba000000,0x0000009eba100000) (1024K)]
  0x00000210379c5720 WorkerThread "GC Thread#2"                     [id=22924, stack(0x0000009eba200000,0x0000009eba300000) (1024K)]
  0x0000021037a7b780 WorkerThread "GC Thread#3"                     [id=7108, stack(0x0000009eba300000,0x0000009eba400000) (1024K)]
  0x000002101668d710 ConcurrentGCThread "G1 Main Marker"            [id=26900, stack(0x0000009eb8e00000,0x0000009eb8f00000) (1024K)]
  0x000002101668ea50 WorkerThread "G1 Conc#0"                       [id=18968, stack(0x0000009eb8f00000,0x0000009eb9000000) (1024K)]
  0x00000210166c18a0 ConcurrentGCThread "G1 Refine#0"               [id=20040, stack(0x0000009eb9000000,0x0000009eb9100000) (1024K)]
  0x00000210166c44c0 ConcurrentGCThread "G1 Service"                [id=26476, stack(0x0000009eb9100000,0x0000009eb9200000) (1024K)]
Total: 10

Threads with active compile tasks:
C2 CompilerThread0  7788 2840       4       java.util.HashSet::add (20 bytes)
Total: 1

VM state: not at safepoint (normal execution)

VM Mutex/Monitor currently owned by a thread: None

Heap address: 0x0000000081a00000, size: 2022 MB, Compressed Oops mode: 32-bit

CDS archive(s) mapped at: [0x0000000018000000-0x0000000018dd0000-0x0000000018dd0000), size 14483456, SharedBaseAddress: 0x0000000018000000, ArchiveRelocationMode: 1.
Compressed class space mapped at: 0x0000000019000000-0x0000000059000000, reserved size: 1073741824
UseCompressedClassPointers 1, UseCompactObjectHeaders 0
Narrow klass pointer bits 32, Max shift 3
Narrow klass base: 0x0000000018000000, Narrow klass shift: 0
Encoding Range: [0x0000000018000000 - 0x0000000118000000), (4294967296 bytes)
Klass Range:    [0x0000000018010000 - 0x0000000059000000), (1090453504 bytes)
Klass ID Range:  [65536 - 1090519033) (1090453497)
Protection zone: [0x0000000018000000 - 0x0000000018010000), (65536 bytes)

GC Precious Log:
 CardTable entry size: 512
 Card Set container configuration: InlinePtr #cards 5 size 8 Array Of Cards #cards 10 size 36 Howl #buckets 4 coarsen threshold 1843 Howl Bitmap #cards 512 size 80 coarsen threshold 460 Card regions per heap region 1 cards per card region 2048
 CPUs: 4 total, 4 available
 Memory: 8083M
 Large Page Support: Disabled
 NUMA Support: Disabled
 Compressed Oops: Enabled (32-bit)
 Heap Region Size: 1M
 Heap Min Capacity: 8M
 Heap Initial Capacity: 128M
 Heap Max Capacity: 2022M
 Pre-touch: Disabled
 Parallel Workers: 4
 Concurrent Workers: 1
 Concurrent Refinement Workers: 4
 Periodic GC: Disabled

Heap:
 garbage-first heap   total reserved 2070528K, committed 133120K, used 24640K [0x0000000081a00000, 0x0000000100000000)
  region size 1024K, 23 young (23552K), 4 survivors (4096K)

Heap Regions: E=young(eden), S=young(survivor), O=old, HS=humongous(starts), HC=humongous(continues), CS=collection set, F=free, TAMS=top-at-mark-start, PB=parsable bottom
|   0|0x0000000081a00000, 0x0000000081b00000, 0x0000000081b00000|100%|HS|  |TAMS 0x0000000081a00000| PB 0x0000000081a00000| Complete |  0
|   1|0x0000000081b00000, 0x0000000081c00000, 0x0000000081c00000|100%|HC|  |TAMS 0x0000000081b00000| PB 0x0000000081b00000| Complete |  0
|   2|0x0000000081c00000, 0x0000000081c00000, 0x0000000081d00000|  0%| F|  |TAMS 0x0000000081c00000| PB 0x0000000081c00000| Untracked |  0
|   3|0x0000000081d00000, 0x0000000081d00000, 0x0000000081e00000|  0%| F|  |TAMS 0x0000000081d00000| PB 0x0000000081d00000| Untracked |  0
|   4|0x0000000081e00000, 0x0000000081e00000, 0x0000000081f00000|  0%| F|  |TAMS 0x0000000081e00000| PB 0x0000000081e00000| Untracked |  0
|   5|0x0000000081f00000, 0x0000000081f00000, 0x0000000082000000|  0%| F|  |TAMS 0x0000000081f00000| PB 0x0000000081f00000| Untracked |  0
|   6|0x0000000082000000, 0x0000000082000000, 0x0000000082100000|  0%| F|  |TAMS 0x0000000082000000| PB 0x0000000082000000| Untracked |  0
|   7|0x0000000082100000, 0x0000000082100000, 0x0000000082200000|  0%| F|  |TAMS 0x0000000082100000| PB 0x0000000082100000| Untracked |  0
|   8|0x0000000082200000, 0x0000000082200000, 0x0000000082300000|  0%| F|  |TAMS 0x0000000082200000| PB 0x0000000082200000| Untracked |  0
|   9|0x0000000082300000, 0x0000000082300000, 0x0000000082400000|  0%| F|  |TAMS 0x0000000082300000| PB 0x0000000082300000| Untracked |  0
|  10|0x0000000082400000, 0x0000000082400000, 0x0000000082500000|  0%| F|  |TAMS 0x0000000082400000| PB 0x0000000082400000| Untracked |  0
|  11|0x0000000082500000, 0x0000000082500000, 0x0000000082600000|  0%| F|  |TAMS 0x0000000082500000| PB 0x0000000082500000| Untracked |  0
|  12|0x0000000082600000, 0x0000000082600000, 0x0000000082700000|  0%| F|  |TAMS 0x0000000082600000| PB 0x0000000082600000| Untracked |  0
|  13|0x0000000082700000, 0x0000000082700000, 0x0000000082800000|  0%| F|  |TAMS 0x0000000082700000| PB 0x0000000082700000| Untracked |  0
|  14|0x0000000082800000, 0x0000000082800000, 0x0000000082900000|  0%| F|  |TAMS 0x0000000082800000| PB 0x0000000082800000| Untracked |  0
|  15|0x0000000082900000, 0x0000000082900000, 0x0000000082a00000|  0%| F|  |TAMS 0x0000000082900000| PB 0x0000000082900000| Untracked |  0
|  16|0x0000000082a00000, 0x0000000082a00000, 0x0000000082b00000|  0%| F|  |TAMS 0x0000000082a00000| PB 0x0000000082a00000| Untracked |  0
|  17|0x0000000082b00000, 0x0000000082b00000, 0x0000000082c00000|  0%| F|  |TAMS 0x0000000082b00000| PB 0x0000000082b00000| Untracked |  0
|  18|0x0000000082c00000, 0x0000000082c00000, 0x0000000082d00000|  0%| F|  |TAMS 0x0000000082c00000| PB 0x0000000082c00000| Untracked |  0
|  19|0x0000000082d00000, 0x0000000082d00000, 0x0000000082e00000|  0%| F|  |TAMS 0x0000000082d00000| PB 0x0000000082d00000| Untracked |  0
|  20|0x0000000082e00000, 0x0000000082e00000, 0x0000000082f00000|  0%| F|  |TAMS 0x0000000082e00000| PB 0x0000000082e00000| Untracked |  0
|  21|0x0000000082f00000, 0x0000000082f00000, 0x0000000083000000|  0%| F|  |TAMS 0x0000000082f00000| PB 0x0000000082f00000| Untracked |  0
|  22|0x0000000083000000, 0x0000000083000000, 0x0000000083100000|  0%| F|  |TAMS 0x0000000083000000| PB 0x0000000083000000| Untracked |  0
|  23|0x0000000083100000, 0x0000000083100000, 0x0000000083200000|  0%| F|  |TAMS 0x0000000083100000| PB 0x0000000083100000| Untracked |  0
|  24|0x0000000083200000, 0x0000000083200000, 0x0000000083300000|  0%| F|  |TAMS 0x0000000083200000| PB 0x0000000083200000| Untracked |  0
|  25|0x0000000083300000, 0x0000000083300000, 0x0000000083400000|  0%| F|  |TAMS 0x0000000083300000| PB 0x0000000083300000| Untracked |  0
|  26|0x0000000083400000, 0x0000000083400000, 0x0000000083500000|  0%| F|  |TAMS 0x0000000083400000| PB 0x0000000083400000| Untracked |  0
|  27|0x0000000083500000, 0x0000000083500000, 0x0000000083600000|  0%| F|  |TAMS 0x0000000083500000| PB 0x0000000083500000| Untracked |  0
|  28|0x0000000083600000, 0x0000000083600000, 0x0000000083700000|  0%| F|  |TAMS 0x0000000083600000| PB 0x0000000083600000| Untracked |  0
|  29|0x0000000083700000, 0x0000000083700000, 0x0000000083800000|  0%| F|  |TAMS 0x0000000083700000| PB 0x0000000083700000| Untracked |  0
|  30|0x0000000083800000, 0x0000000083800000, 0x0000000083900000|  0%| F|  |TAMS 0x0000000083800000| PB 0x0000000083800000| Untracked |  0
|  31|0x0000000083900000, 0x0000000083900000, 0x0000000083a00000|  0%| F|  |TAMS 0x0000000083900000| PB 0x0000000083900000| Untracked |  0
|  32|0x0000000083a00000, 0x0000000083a00000, 0x0000000083b00000|  0%| F|  |TAMS 0x0000000083a00000| PB 0x0000000083a00000| Untracked |  0
|  33|0x0000000083b00000, 0x0000000083b00000, 0x0000000083c00000|  0%| F|  |TAMS 0x0000000083b00000| PB 0x0000000083b00000| Untracked |  0
|  34|0x0000000083c00000, 0x0000000083c00000, 0x0000000083d00000|  0%| F|  |TAMS 0x0000000083c00000| PB 0x0000000083c00000| Untracked |  0
|  35|0x0000000083d00000, 0x0000000083d00000, 0x0000000083e00000|  0%| F|  |TAMS 0x0000000083d00000| PB 0x0000000083d00000| Untracked |  0
|  36|0x0000000083e00000, 0x0000000083e00000, 0x0000000083f00000|  0%| F|  |TAMS 0x0000000083e00000| PB 0x0000000083e00000| Untracked |  0
|  37|0x0000000083f00000, 0x0000000083f00000, 0x0000000084000000|  0%| F|  |TAMS 0x0000000083f00000| PB 0x0000000083f00000| Untracked |  0
|  38|0x0000000084000000, 0x0000000084000000, 0x0000000084100000|  0%| F|  |TAMS 0x0000000084000000| PB 0x0000000084000000| Untracked |  0
|  39|0x0000000084100000, 0x0000000084100000, 0x0000000084200000|  0%| F|  |TAMS 0x0000000084100000| PB 0x0000000084100000| Untracked |  0
|  40|0x0000000084200000, 0x0000000084200000, 0x0000000084300000|  0%| F|  |TAMS 0x0000000084200000| PB 0x0000000084200000| Untracked |  0
|  41|0x0000000084300000, 0x0000000084300000, 0x0000000084400000|  0%| F|  |TAMS 0x0000000084300000| PB 0x0000000084300000| Untracked |  0
|  42|0x0000000084400000, 0x0000000084400000, 0x0000000084500000|  0%| F|  |TAMS 0x0000000084400000| PB 0x0000000084400000| Untracked |  0
|  43|0x0000000084500000, 0x0000000084500000, 0x0000000084600000|  0%| F|  |TAMS 0x0000000084500000| PB 0x0000000084500000| Untracked |  0
|  44|0x0000000084600000, 0x0000000084600000, 0x0000000084700000|  0%| F|  |TAMS 0x0000000084600000| PB 0x0000000084600000| Untracked |  0
|  45|0x0000000084700000, 0x0000000084700000, 0x0000000084800000|  0%| F|  |TAMS 0x0000000084700000| PB 0x0000000084700000| Untracked |  0
|  46|0x0000000084800000, 0x0000000084800000, 0x0000000084900000|  0%| F|  |TAMS 0x0000000084800000| PB 0x0000000084800000| Untracked |  0
|  47|0x0000000084900000, 0x0000000084900000, 0x0000000084a00000|  0%| F|  |TAMS 0x0000000084900000| PB 0x0000000084900000| Untracked |  0
|  48|0x0000000084a00000, 0x0000000084a00000, 0x0000000084b00000|  0%| F|  |TAMS 0x0000000084a00000| PB 0x0000000084a00000| Untracked |  0
|  49|0x0000000084b00000, 0x0000000084b00000, 0x0000000084c00000|  0%| F|  |TAMS 0x0000000084b00000| PB 0x0000000084b00000| Untracked |  0
|  50|0x0000000084c00000, 0x0000000084c00000, 0x0000000084d00000|  0%| F|  |TAMS 0x0000000084c00000| PB 0x0000000084c00000| Untracked |  0
|  51|0x0000000084d00000, 0x0000000084d00000, 0x0000000084e00000|  0%| F|  |TAMS 0x0000000084d00000| PB 0x0000000084d00000| Untracked |  0
|  52|0x0000000084e00000, 0x0000000084e00000, 0x0000000084f00000|  0%| F|  |TAMS 0x0000000084e00000| PB 0x0000000084e00000| Untracked |  0
|  53|0x0000000084f00000, 0x0000000084f00000, 0x0000000085000000|  0%| F|  |TAMS 0x0000000084f00000| PB 0x0000000084f00000| Untracked |  0
|  54|0x0000000085000000, 0x0000000085000000, 0x0000000085100000|  0%| F|  |TAMS 0x0000000085000000| PB 0x0000000085000000| Untracked |  0
|  55|0x0000000085100000, 0x0000000085100000, 0x0000000085200000|  0%| F|  |TAMS 0x0000000085100000| PB 0x0000000085100000| Untracked |  0
|  56|0x0000000085200000, 0x0000000085200000, 0x0000000085300000|  0%| F|  |TAMS 0x0000000085200000| PB 0x0000000085200000| Untracked |  0
|  57|0x0000000085300000, 0x0000000085300000, 0x0000000085400000|  0%| F|  |TAMS 0x0000000085300000| PB 0x0000000085300000| Untracked |  0
|  58|0x0000000085400000, 0x0000000085400000, 0x0000000085500000|  0%| F|  |TAMS 0x0000000085400000| PB 0x0000000085400000| Untracked |  0
|  59|0x0000000085500000, 0x0000000085500000, 0x0000000085600000|  0%| F|  |TAMS 0x0000000085500000| PB 0x0000000085500000| Untracked |  0
|  60|0x0000000085600000, 0x0000000085600000, 0x0000000085700000|  0%| F|  |TAMS 0x0000000085600000| PB 0x0000000085600000| Untracked |  0
|  61|0x0000000085700000, 0x0000000085700000, 0x0000000085800000|  0%| F|  |TAMS 0x0000000085700000| PB 0x0000000085700000| Untracked |  0
|  62|0x0000000085800000, 0x0000000085800000, 0x0000000085900000|  0%| F|  |TAMS 0x0000000085800000| PB 0x0000000085800000| Untracked |  0
|  63|0x0000000085900000, 0x0000000085900000, 0x0000000085a00000|  0%| F|  |TAMS 0x0000000085900000| PB 0x0000000085900000| Untracked |  0
|  64|0x0000000085a00000, 0x0000000085a00000, 0x0000000085b00000|  0%| F|  |TAMS 0x0000000085a00000| PB 0x0000000085a00000| Untracked |  0
|  65|0x0000000085b00000, 0x0000000085b00000, 0x0000000085c00000|  0%| F|  |TAMS 0x0000000085b00000| PB 0x0000000085b00000| Untracked |  0
|  66|0x0000000085c00000, 0x0000000085c00000, 0x0000000085d00000|  0%| F|  |TAMS 0x0000000085c00000| PB 0x0000000085c00000| Untracked |  0
|  67|0x0000000085d00000, 0x0000000085d00000, 0x0000000085e00000|  0%| F|  |TAMS 0x0000000085d00000| PB 0x0000000085d00000| Untracked |  0
|  68|0x0000000085e00000, 0x0000000085e00000, 0x0000000085f00000|  0%| F|  |TAMS 0x0000000085e00000| PB 0x0000000085e00000| Untracked |  0
|  69|0x0000000085f00000, 0x0000000085f00000, 0x0000000086000000|  0%| F|  |TAMS 0x0000000085f00000| PB 0x0000000085f00000| Untracked |  0
|  70|0x0000000086000000, 0x0000000086000000, 0x0000000086100000|  0%| F|  |TAMS 0x0000000086000000| PB 0x0000000086000000| Untracked |  0
|  71|0x0000000086100000, 0x0000000086100000, 0x0000000086200000|  0%| F|  |TAMS 0x0000000086100000| PB 0x0000000086100000| Untracked |  0
|  72|0x0000000086200000, 0x0000000086200000, 0x0000000086300000|  0%| F|  |TAMS 0x0000000086200000| PB 0x0000000086200000| Untracked |  0
|  73|0x0000000086300000, 0x0000000086300000, 0x0000000086400000|  0%| F|  |TAMS 0x0000000086300000| PB 0x0000000086300000| Untracked |  0
|  74|0x0000000086400000, 0x0000000086400000, 0x0000000086500000|  0%| F|  |TAMS 0x0000000086400000| PB 0x0000000086400000| Untracked |  0
|  75|0x0000000086500000, 0x0000000086500000, 0x0000000086600000|  0%| F|  |TAMS 0x0000000086500000| PB 0x0000000086500000| Untracked |  0
|  76|0x0000000086600000, 0x0000000086600000, 0x0000000086700000|  0%| F|  |TAMS 0x0000000086600000| PB 0x0000000086600000| Untracked |  0
|  77|0x0000000086700000, 0x0000000086700000, 0x0000000086800000|  0%| F|  |TAMS 0x0000000086700000| PB 0x0000000086700000| Untracked |  0
|  78|0x0000000086800000, 0x0000000086800000, 0x0000000086900000|  0%| F|  |TAMS 0x0000000086800000| PB 0x0000000086800000| Untracked |  0
|  79|0x0000000086900000, 0x0000000086900000, 0x0000000086a00000|  0%| F|  |TAMS 0x0000000086900000| PB 0x0000000086900000| Untracked |  0
|  80|0x0000000086a00000, 0x0000000086a00000, 0x0000000086b00000|  0%| F|  |TAMS 0x0000000086a00000| PB 0x0000000086a00000| Untracked |  0
|  81|0x0000000086b00000, 0x0000000086b00000, 0x0000000086c00000|  0%| F|  |TAMS 0x0000000086b00000| PB 0x0000000086b00000| Untracked |  0
|  82|0x0000000086c00000, 0x0000000086c00000, 0x0000000086d00000|  0%| F|  |TAMS 0x0000000086c00000| PB 0x0000000086c00000| Untracked |  0
|  83|0x0000000086d00000, 0x0000000086d00000, 0x0000000086e00000|  0%| F|  |TAMS 0x0000000086d00000| PB 0x0000000086d00000| Untracked |  0
|  84|0x0000000086e00000, 0x0000000086e00000, 0x0000000086f00000|  0%| F|  |TAMS 0x0000000086e00000| PB 0x0000000086e00000| Untracked |  0
|  85|0x0000000086f00000, 0x0000000086f00000, 0x0000000087000000|  0%| F|  |TAMS 0x0000000086f00000| PB 0x0000000086f00000| Untracked |  0
|  86|0x0000000087000000, 0x0000000087000000, 0x0000000087100000|  0%| F|  |TAMS 0x0000000087000000| PB 0x0000000087000000| Untracked |  0
|  87|0x0000000087100000, 0x0000000087100000, 0x0000000087200000|  0%| F|  |TAMS 0x0000000087100000| PB 0x0000000087100000| Untracked |  0
|  88|0x0000000087200000, 0x0000000087200000, 0x0000000087300000|  0%| F|  |TAMS 0x0000000087200000| PB 0x0000000087200000| Untracked |  0
|  89|0x0000000087300000, 0x0000000087300000, 0x0000000087400000|  0%| F|  |TAMS 0x0000000087300000| PB 0x0000000087300000| Untracked |  0
|  90|0x0000000087400000, 0x0000000087400000, 0x0000000087500000|  0%| F|  |TAMS 0x0000000087400000| PB 0x0000000087400000| Untracked |  0
|  91|0x0000000087500000, 0x0000000087500000, 0x0000000087600000|  0%| F|  |TAMS 0x0000000087500000| PB 0x0000000087500000| Untracked |  0
|  92|0x0000000087600000, 0x0000000087600000, 0x0000000087700000|  0%| F|  |TAMS 0x0000000087600000| PB 0x0000000087600000| Untracked |  0
|  93|0x0000000087700000, 0x0000000087700000, 0x0000000087800000|  0%| F|  |TAMS 0x0000000087700000| PB 0x0000000087700000| Untracked |  0
|  94|0x0000000087800000, 0x0000000087800000, 0x0000000087900000|  0%| F|  |TAMS 0x0000000087800000| PB 0x0000000087800000| Untracked |  0
|  95|0x0000000087900000, 0x0000000087900000, 0x0000000087a00000|  0%| F|  |TAMS 0x0000000087900000| PB 0x0000000087900000| Untracked |  0
|  96|0x0000000087a00000, 0x0000000087aeaa70, 0x0000000087b00000| 91%| S|CS|TAMS 0x0000000087a00000| PB 0x0000000087a00000| Complete |  0
|  97|0x0000000087b00000, 0x0000000087c00000, 0x0000000087c00000|100%| S|CS|TAMS 0x0000000087b00000| PB 0x0000000087b00000| Complete |  0
|  98|0x0000000087c00000, 0x0000000087d00000, 0x0000000087d00000|100%| S|CS|TAMS 0x0000000087c00000| PB 0x0000000087c00000| Complete |  0
|  99|0x0000000087d00000, 0x0000000087e00000, 0x0000000087e00000|100%| S|CS|TAMS 0x0000000087d00000| PB 0x0000000087d00000| Complete |  0
| 100|0x0000000087e00000, 0x0000000087e00000, 0x0000000087f00000|  0%| F|  |TAMS 0x0000000087e00000| PB 0x0000000087e00000| Untracked |  0
| 101|0x0000000087f00000, 0x0000000087f00000, 0x0000000088000000|  0%| F|  |TAMS 0x0000000087f00000| PB 0x0000000087f00000| Untracked |  0
| 102|0x0000000088000000, 0x0000000088000000, 0x0000000088100000|  0%| F|  |TAMS 0x0000000088000000| PB 0x0000000088000000| Untracked |  0
| 103|0x0000000088100000, 0x0000000088100000, 0x0000000088200000|  0%| F|  |TAMS 0x0000000088100000| PB 0x0000000088100000| Untracked |  0
| 104|0x0000000088200000, 0x0000000088200000, 0x0000000088300000|  0%| F|  |TAMS 0x0000000088200000| PB 0x0000000088200000| Untracked |  0
| 105|0x0000000088300000, 0x0000000088300000, 0x0000000088400000|  0%| F|  |TAMS 0x0000000088300000| PB 0x0000000088300000| Untracked |  0
| 106|0x0000000088400000, 0x0000000088400000, 0x0000000088500000|  0%| F|  |TAMS 0x0000000088400000| PB 0x0000000088400000| Untracked |  0
| 107|0x0000000088500000, 0x0000000088500000, 0x0000000088600000|  0%| F|  |TAMS 0x0000000088500000| PB 0x0000000088500000| Untracked |  0
| 108|0x0000000088600000, 0x0000000088600000, 0x0000000088700000|  0%| F|  |TAMS 0x0000000088600000| PB 0x0000000088600000| Untracked |  0
| 109|0x0000000088700000, 0x00000000887d5da0, 0x0000000088800000| 83%| E|  |TAMS 0x0000000088700000| PB 0x0000000088700000| Complete |  0
| 110|0x0000000088800000, 0x0000000088900000, 0x0000000088900000|100%| E|CS|TAMS 0x0000000088800000| PB 0x0000000088800000| Complete |  0
| 111|0x0000000088900000, 0x0000000088a00000, 0x0000000088a00000|100%| E|CS|TAMS 0x0000000088900000| PB 0x0000000088900000| Complete |  0
| 112|0x0000000088a00000, 0x0000000088b00000, 0x0000000088b00000|100%| E|CS|TAMS 0x0000000088a00000| PB 0x0000000088a00000| Complete |  0
| 113|0x0000000088b00000, 0x0000000088c00000, 0x0000000088c00000|100%| E|CS|TAMS 0x0000000088b00000| PB 0x0000000088b00000| Complete |  0
| 114|0x0000000088c00000, 0x0000000088d00000, 0x0000000088d00000|100%| E|CS|TAMS 0x0000000088c00000| PB 0x0000000088c00000| Complete |  0
| 115|0x0000000088d00000, 0x0000000088e00000, 0x0000000088e00000|100%| E|CS|TAMS 0x0000000088d00000| PB 0x0000000088d00000| Complete |  0
| 116|0x0000000088e00000, 0x0000000088f00000, 0x0000000088f00000|100%| E|CS|TAMS 0x0000000088e00000| PB 0x0000000088e00000| Complete |  0
| 117|0x0000000088f00000, 0x0000000089000000, 0x0000000089000000|100%| E|CS|TAMS 0x0000000088f00000| PB 0x0000000088f00000| Complete |  0
| 118|0x0000000089000000, 0x0000000089100000, 0x0000000089100000|100%| E|CS|TAMS 0x0000000089000000| PB 0x0000000089000000| Complete |  0
| 119|0x0000000089100000, 0x0000000089200000, 0x0000000089200000|100%| E|CS|TAMS 0x0000000089100000| PB 0x0000000089100000| Complete |  0
| 120|0x0000000089200000, 0x0000000089300000, 0x0000000089300000|100%| E|CS|TAMS 0x0000000089200000| PB 0x0000000089200000| Complete |  0
| 121|0x0000000089300000, 0x0000000089400000, 0x0000000089400000|100%| E|CS|TAMS 0x0000000089300000| PB 0x0000000089300000| Complete |  0
| 122|0x0000000089400000, 0x0000000089500000, 0x0000000089500000|100%| E|CS|TAMS 0x0000000089400000| PB 0x0000000089400000| Complete |  0
| 123|0x0000000089500000, 0x0000000089600000, 0x0000000089600000|100%| E|CS|TAMS 0x0000000089500000| PB 0x0000000089500000| Complete |  0
| 124|0x0000000089600000, 0x0000000089700000, 0x0000000089700000|100%| E|CS|TAMS 0x0000000089600000| PB 0x0000000089600000| Complete |  0
| 125|0x0000000089700000, 0x0000000089800000, 0x0000000089800000|100%| E|CS|TAMS 0x0000000089700000| PB 0x0000000089700000| Complete |  0
| 126|0x0000000089800000, 0x0000000089900000, 0x0000000089900000|100%| E|  |TAMS 0x0000000089800000| PB 0x0000000089800000| Complete |  0
| 127|0x0000000089900000, 0x0000000089a00000, 0x0000000089a00000|100%| E|CS|TAMS 0x0000000089900000| PB 0x0000000089900000| Complete |  0
|2020|0x00000000ffe00000, 0x00000000fff00000, 0x00000000fff00000|100%| O|  |TAMS 0x00000000ffe00000| PB 0x00000000ffe00000| Untracked |  0
|2021|0x00000000fff00000, 0x00000000fff256a0, 0x0000000100000000| 14%| O|  |TAMS 0x00000000fff00000| PB 0x00000000fff00000| Untracked |  0

Card table byte_map: [0x000002102e2a0000,0x000002102e6a0000] _byte_map_base: 0x000002102de93000

Marking Bits: (CMBitMap*) 0x00000210166743c0
 Bits: [0x000002102e6a0000, 0x0000021030638000)

Polling page: 0x0000021014230000

Metaspace:
Metaspace        used 18619K, committed 19136K, reserved 1114112K
 class space     used 1780K, committed 1984K, reserved 1048576K

Usage:
  Non-class:     16.44 MB used.
      Class:      1.74 MB used.
       Both:     18.18 MB used.

Virtual space:
  Non-class space:       64.00 MB reserved,      16.75 MB ( 26%) committed,  1 nodes.
      Class space:        1.00 GB reserved,       1.94 MB ( <1%) committed,  1 nodes.
             Both:        1.06 GB reserved,      18.69 MB (  2%) committed. 

Chunk freelists:
   Non-Class:  14.99 MB
       Class:  14.08 MB
        Both:  29.07 MB

MaxMetaspaceSize: unlimited
CompressedClassSpaceSize: 1.00 GB
Initial GC threshold: 21.00 MB
Current GC threshold: 21.00 MB
CDS: on
 - commit_granule_bytes: 65536.
 - commit_granule_words: 8192.
 - virtual_space_node_default_size: 8388608.
 - enlarge_chunks_in_place: 1.
UseCompressedClassPointers 1, UseCompactObjectHeaders 0
Narrow klass pointer bits 32, Max shift 3
Narrow klass base: 0x0000000018000000, Narrow klass shift: 0
Encoding Range: [0x0000000018000000 - 0x0000000118000000), (4294967296 bytes)
Klass Range:    [0x0000000018010000 - 0x0000000059000000), (1090453504 bytes)
Klass ID Range:  [65536 - 1090519033) (1090453497)
Protection zone: [0x0000000018000000 - 0x0000000018010000), (65536 bytes)


Internal statistics:

num_allocs_failed_limit: 0.
num_arena_births: 598.
num_arena_deaths: 0.
num_vsnodes_births: 2.
num_vsnodes_deaths: 0.
num_space_committed: 299.
num_space_uncommitted: 0.
num_chunks_returned_to_freelist: 0.
num_chunks_taken_from_freelist: 772.
num_chunk_merges: 0.
num_chunk_splits: 491.
num_chunks_enlarged: 257.
num_inconsistent_stats: 0.

CodeHeap 'non-profiled nmethods': size=120064Kb used=840Kb max_used=840Kb free=119223Kb
 bounds [0x0000021026960000, 0x0000021026bd0000, 0x000002102dea0000]
CodeHeap 'profiled nmethods': size=120000Kb used=4106Kb max_used=4106Kb free=115894Kb
 bounds [0x000002101eea0000, 0x000002101f2b0000, 0x00000210263d0000]
CodeHeap 'non-nmethods': size=5696Kb used=1705Kb max_used=1714Kb free=3990Kb
 bounds [0x00000210263d0000, 0x0000021026640000, 0x0000021026960000]
CodeCache: size=245760Kb, used=6651Kb, max_used=6660Kb, free=239107Kb
 total_blobs=3691, nmethods=2854, adapters=728, full_count=0
Compilation: enabled, stopped_count=0, restarted_count=0

Compilation events (20 events):
Event: 7.306 Thread 0x0000021032c16920 2856       3       sun.java2d.SunGraphics2D::dispose (12 bytes)
Event: 7.306 Thread 0x0000021032c16920 nmethod 2856 0x000002101f29fd88 code [0x000002101f29fe80, 0x000002101f2a00a0]
Event: 7.306 Thread 0x0000021032c16920 2843       3       javax.swing.plaf.nimbus.NimbusStyle$CacheKey::init (14 bytes)
Event: 7.306 Thread 0x0000021032c16920 nmethod 2843 0x000002101f2a0108 code [0x000002101f2a0200, 0x000002101f2a0438]
Event: 7.306 Thread 0x0000021032c16920 2844       3       java.awt.Rectangle::setBounds (10 bytes)
Event: 7.306 Thread 0x0000021032c16920 nmethod 2844 0x000002101f2a0488 code [0x000002101f2a0580, 0x000002101f2a0768]
Event: 7.306 Thread 0x0000021032c16920 2845       1       sun.java2d.loops.GraphicsPrimitive::getNativePrim (5 bytes)
Event: 7.306 Thread 0x0000021032c16920 nmethod 2845 0x0000021026a31988 code [0x0000021026a31a80, 0x0000021026a31b48]
Event: 7.306 Thread 0x0000021032c16920 2837       3       java.awt.KeyboardFocusManager::getCurrentKeyboardFocusManager (7 bytes)
Event: 7.307 Thread 0x0000021032c16920 nmethod 2837 0x000002101f2a0788 code [0x000002101f2a0880, 0x000002101f2a0eb0]
Event: 7.307 Thread 0x0000021032c16920 2860       3       java.awt.geom.Rectangle2D::intersects (85 bytes)
Event: 7.307 Thread 0x0000021032c16920 nmethod 2860 0x000002101f2a0f08 code [0x000002101f2a1000, 0x000002101f2a1790]
Event: 7.307 Thread 0x0000021032c16920 2861       3       java.awt.geom.Rectangle2D$Double::isEmpty (24 bytes)
Event: 7.307 Thread 0x0000021032c16920 nmethod 2861 0x000002101f2a1808 code [0x000002101f2a1900, 0x000002101f2a1ad8]
Event: 7.307 Thread 0x0000021032c16920 2847       1       java.awt.Image::getAccelerationPriority (5 bytes)
Event: 7.308 Thread 0x0000021032c16920 nmethod 2847 0x0000021026a31c88 code [0x0000021026a31d80, 0x0000021026a31e48]
Event: 7.308 Thread 0x0000021032c16920 2862       3       javax.swing.JComponent::getBounds (50 bytes)
Event: 7.308 Thread 0x0000021032c16920 nmethod 2862 0x000002101f2a1b08 code [0x000002101f2a1c00, 0x000002101f2a27a8]
Event: 7.308 Thread 0x0000021032c16920 2855       1       java.awt.geom.AffineTransform::getShearY (5 bytes)
Event: 7.308 Thread 0x0000021032c16920 nmethod 2855 0x0000021026a31f88 code [0x0000021026a32080, 0x0000021026a32148]

GC Heap Usage History (2 events):
Event: 1.985 {heap Before GC invocations=0 (full 0):
 garbage-first heap   total reserved 2070528K, committed 133120K, used 29845K [0x0000000081a00000, 0x0000000100000000)
  region size 1024K, 28 young (28672K), 0 survivors (0K)
}
Event: 1.994 {heap After GC invocations=1 (full 0):
 garbage-first heap   total reserved 2070528K, committed 133120K, used 5184K [0x0000000081a00000, 0x0000000100000000)
  region size 1024K, 4 young (4096K), 4 survivors (4096K)
}

Metaspace Usage History (2 events):
Event: 1.985 {metaspace Before GC invocations=0 (full 0):
 Metaspace       used 10799K, committed 11008K, reserved 1114112K
  class space    used 940K, committed 1024K, reserved 1048576K
}
Event: 1.994 {metaspace After GC invocations=1 (full 0):
 Metaspace       used 10799K, committed 11008K, reserved 1114112K
  class space    used 940K, committed 1024K, reserved 1048576K
}

Dll operation events (17 events):
Event: 0.092 Loaded shared library C:\Program Files\Java\jdk-25\bin\java.dll
Event: 0.220 Loaded shared library C:\Program Files\Java\jdk-25\bin\zip.dll
Event: 0.226 Loaded shared library C:\Program Files\Java\jdk-25\bin\instrument.dll
Event: 0.236 Loaded shared library C:\Program Files\Java\jdk-25\bin\net.dll
Event: 0.241 Loaded shared library C:\Program Files\Java\jdk-25\bin\nio.dll
Event: 0.251 Loaded shared library C:\Program Files\Java\jdk-25\bin\zip.dll
Event: 0.320 Loaded shared library C:\Program Files\Java\jdk-25\bin\jimage.dll
Event: 0.339 Loaded shared library C:\Program Files\Java\jdk-25\bin\awt.dll
Event: 0.340 Loaded shared library C:\Program Files\Java\jdk-25\bin\extnet.dll
Event: 0.675 Loaded shared library C:\Program Files\Java\jdk-25\bin\freetype.dll
Event: 0.681 Loaded shared library C:\Program Files\Java\jdk-25\bin\fontmanager.dll
Event: 0.879 Loaded shared library C:\Program Files\Java\jdk-25\bin\verify.dll
Event: 1.741 Loaded shared library C:\Program Files\Java\jdk-25\bin\management.dll
Event: 1.765 Loaded shared library C:\Program Files\Java\jdk-25\bin\management_ext.dll
Event: 1.923 Loaded shared library C:\Users\PAPA ALY\AppData\Local\Temp\sqlite-3.45.1.0-6594d4f2-7a28-48b9-ae82-f4bb86186308-sqlitejdbc.dll
Event: 2.752 Loaded shared library C:\Windows\System32\ucrtbase.dll
Event: 2.757 Loaded shared library C:\Program Files\Java\jdk-25\bin\syslookup.dll

Deoptimization events (20 events):
Event: 3.258 Thread 0x00000210388fb260 DEOPT PACKING pc=0x00000210269b4f10 sp=0x0000009eba6fec10
Event: 3.258 Thread 0x00000210388fb260 DEOPT UNPACKING pc=0x00000210264eed02 sp=0x0000009eba6febd8 mode 2
Event: 3.469 Thread 0x00000210388fb260 DEOPT PACKING pc=0x000002101f26385d sp=0x0000009eba6fd5a0
Event: 3.469 Thread 0x00000210388fb260 DEOPT UNPACKING pc=0x0000021026421702 sp=0x0000009eba6fca48 mode 0
Event: 6.512 Thread 0x00000210388fb260 Uncommon trap: trap_request=0xffffffde fr.pc=0x00000210269a5048 relative=0x00000000000001c8
Event: 6.512 Thread 0x00000210388fb260 Uncommon trap: reason=class_check action=maybe_recompile pc=0x00000210269a5048 method=java.lang.String.equals(Ljava/lang/Object;)Z @ 8 c2
Event: 6.512 Thread 0x00000210388fb260 DEOPT PACKING pc=0x00000210269a5048 sp=0x0000009eba6fe500
Event: 6.513 Thread 0x00000210388fb260 DEOPT UNPACKING pc=0x00000210264eed02 sp=0x0000009eba6fe498 mode 2
Event: 6.513 Thread 0x00000210388fb260 Uncommon trap: trap_request=0xffffffde fr.pc=0x00000210269a5048 relative=0x00000000000001c8
Event: 6.513 Thread 0x00000210388fb260 Uncommon trap: reason=class_check action=maybe_recompile pc=0x00000210269a5048 method=java.lang.String.equals(Ljava/lang/Object;)Z @ 8 c2
Event: 6.513 Thread 0x00000210388fb260 DEOPT PACKING pc=0x00000210269a5048 sp=0x0000009eba6fe500
Event: 6.513 Thread 0x00000210388fb260 DEOPT UNPACKING pc=0x00000210264eed02 sp=0x0000009eba6fe498 mode 2
Event: 6.825 Thread 0x00000210388fb260 Uncommon trap: trap_request=0xffffffde fr.pc=0x00000210269a5048 relative=0x00000000000001c8
Event: 6.825 Thread 0x00000210388fb260 Uncommon trap: reason=class_check action=maybe_recompile pc=0x00000210269a5048 method=java.lang.String.equals(Ljava/lang/Object;)Z @ 8 c2
Event: 6.825 Thread 0x00000210388fb260 DEOPT PACKING pc=0x00000210269a5048 sp=0x0000009eba6fe500
Event: 6.825 Thread 0x00000210388fb260 DEOPT UNPACKING pc=0x00000210264eed02 sp=0x0000009eba6fe498 mode 2
Event: 6.825 Thread 0x00000210388fb260 Uncommon trap: trap_request=0xffffffde fr.pc=0x00000210269a5048 relative=0x00000000000001c8
Event: 6.825 Thread 0x00000210388fb260 Uncommon trap: reason=class_check action=maybe_recompile pc=0x00000210269a5048 method=java.lang.String.equals(Ljava/lang/Object;)Z @ 8 c2
Event: 6.825 Thread 0x00000210388fb260 DEOPT PACKING pc=0x00000210269a5048 sp=0x0000009eba6fe500
Event: 6.825 Thread 0x00000210388fb260 DEOPT UNPACKING pc=0x00000210264eed02 sp=0x0000009eba6fe498 mode 2

Classes loaded (20 events):
Event: 6.517 Loading class javax/swing/event/DocumentEvent$ElementChange
Event: 6.517 Loading class javax/swing/event/DocumentEvent$ElementChange done
Event: 6.518 Loading class javax/swing/CellRendererPane
Event: 6.518 Loading class javax/swing/CellRendererPane done
Event: 6.518 Loading class javax/swing/JLayer
Event: 6.518 Loading class javax/swing/JLayer done
Event: 6.518 Loading class javax/swing/text/AbstractDocument$UndoRedoDocumentEvent
Event: 6.518 Loading class javax/swing/text/AbstractDocument$UndoRedoDocumentEvent done
Event: 6.519 Loading class javax/swing/event/CaretListener
Event: 6.519 Loading class javax/swing/event/CaretListener done
Event: 6.519 Loading class javax/swing/text/DefaultCaret$1
Event: 6.519 Loading class javax/swing/text/DefaultCaret$1 done
Event: 6.519 Loading class javax/swing/event/UndoableEditEvent
Event: 6.519 Loading class javax/swing/event/UndoableEditEvent done
Event: 6.519 Loading class javax/swing/text/AbstractDocument$DefaultDocumentEventUndoableWrapper
Event: 6.520 Loading class sun/swing/text/UndoableEditLockSupport
Event: 6.520 Loading class sun/swing/text/UndoableEditLockSupport done
Event: 6.520 Loading class javax/swing/text/AbstractDocument$DefaultDocumentEventUndoableWrapper done
Event: 6.520 Loading class javax/swing/event/UndoableEditListener
Event: 6.520 Loading class javax/swing/event/UndoableEditListener done

Classes unloaded (0 events):
No events

Classes redefined (0 events):
No events

Internal exceptions (20 events):
Event: 3.020 Thread 0x00000210388fb260 Exception <a 'java/lang/NoSuchMethodError'{0x0000000088b596e8}: 'long java.lang.invoke.DelegatingMethodHandle$Holder.reinvoke_L(java.lang.Object, java.lang.Object, long, long)'> (0x0000000088b596e8) 
thrown [s\open\src\hotspot\share\interpreter\linkResolver.cpp, line 804]
Event: 3.028 Thread 0x00000210388fb260 Exception <a 'java/lang/NoSuchMethodError'{0x0000000088b86788}: 'java.lang.Object java.lang.invoke.DirectMethodHandle$Holder.invokeStatic(java.lang.Object, java.lang.Object, java.lang.Object, long, java.lang.Object)'> (0x0000000088b86788) 
thrown [s\open\src\hotspot\share\interpreter\linkResolver.cpp, line 804]
Event: 3.033 Thread 0x00000210388fb260 Exception <a 'java/lang/NoSuchMethodError'{0x0000000088bacbe8}: 'java.lang.Object java.lang.invoke.DirectMethodHandle$Holder.invokeStatic(java.lang.Object, java.lang.Object, int)'> (0x0000000088bacbe8) 
thrown [s\open\src\hotspot\share\interpreter\linkResolver.cpp, line 804]
Event: 3.036 Thread 0x00000210388fb260 Exception <a 'java/lang/NoSuchMethodError'{0x0000000088bcde20}: 'void java.lang.invoke.DelegatingMethodHandle$Holder.delegate(java.lang.Object, java.lang.Object, int, java.lang.Object)'> (0x0000000088bcde20) 
thrown [s\open\src\hotspot\share\interpreter\linkResolver.cpp, line 804]
Event: 3.046 Thread 0x00000210388fb260 Exception <a 'java/lang/NoSuchMethodError'{0x0000000088a0e960}: 'int java.lang.invoke.DirectMethodHandle$Holder.invokeSpecial(java.lang.Object, java.lang.Object, java.lang.Object, int, java.lang.Object)'> (0x0000000088a0e960) 
thrown [s\open\src\hotspot\share\interpreter\linkResolver.cpp, line 804]
Event: 3.047 Thread 0x00000210388fb260 Exception <a 'java/lang/NoSuchMethodError'{0x0000000088a16d98}: 'int java.lang.invoke.DelegatingMethodHandle$Holder.reinvoke_L(java.lang.Object, java.lang.Object, int, java.lang.Object)'> (0x0000000088a16d98) 
thrown [s\open\src\hotspot\share\interpreter\linkResolver.cpp, line 804]
Event: 3.051 Thread 0x00000210388fb260 Exception <a 'java/lang/NoSuchMethodError'{0x0000000088a416a8}: 'int java.lang.invoke.DelegatingMethodHandle$Holder.reinvoke_L(java.lang.Object, java.lang.Object, int, long)'> (0x0000000088a416a8) 
thrown [s\open\src\hotspot\share\interpreter\linkResolver.cpp, line 804]
Event: 3.053 Thread 0x00000210388fb260 Exception <a 'java/lang/NoSuchMethodError'{0x0000000088a52150}: 'int java.lang.invoke.DirectMethodHandle$Holder.invokeSpecial(java.lang.Object, java.lang.Object, int, long)'> (0x0000000088a52150) 
thrown [s\open\src\hotspot\share\interpreter\linkResolver.cpp, line 804]
Event: 3.053 Thread 0x00000210388fb260 Exception <a 'java/lang/NoSuchMethodError'{0x0000000088a5a438}: 'int java.lang.invoke.Invokers$Holder.exactInvoker(java.lang.Object, java.lang.Object, int, long)'> (0x0000000088a5a438) 
thrown [s\open\src\hotspot\share\interpreter\linkResolver.cpp, line 804]
Event: 3.054 Thread 0x00000210388fb260 Exception <a 'java/lang/NoSuchMethodError'{0x0000000088a62e68}: 'int java.lang.invoke.DelegatingMethodHandle$Holder.delegate(java.lang.Object, java.lang.Object, int, long)'> (0x0000000088a62e68) 
thrown [s\open\src\hotspot\share\interpreter\linkResolver.cpp, line 804]
Event: 3.057 Thread 0x00000210388fb260 Exception <a 'java/lang/NoSuchMethodError'{0x0000000088a74918}: 'long java.lang.invoke.DirectMethodHandle$Holder.invokeSpecial(java.lang.Object, java.lang.Object, long, long)'> (0x0000000088a74918) 
thrown [s\open\src\hotspot\share\interpreter\linkResolver.cpp, line 804]
Event: 3.069 Thread 0x00000210388fb260 Exception <a 'java/lang/NoSuchMethodError'{0x0000000088ab0278}: 'void java.lang.invoke.DirectMethodHandle$Holder.invokeSpecial(java.lang.Object, java.lang.Object, float, java.lang.Object, java.lang.Object, java.lang.Object, int, int, int, int, int, float, float, int, int, java.lang.Object, java.lang.Object)'> (0x0000000088ab0278) 
thrown [s\open\src\hotspot\share\interpreter\linkResolver.cpp, line 804]
Event: 3.072 Thread 0x00000210388fb260 Exception <a 'java/lang/NoSuchMethodError'{0x0000000088ad1ff0}: 'int java.lang.invoke.DirectMethodHandle$Holder.invokeSpecial(java.lang.Object, java.lang.Object, int, java.lang.Object)'> (0x0000000088ad1ff0) 
thrown [s\open\src\hotspot\share\interpreter\linkResolver.cpp, line 804]
Event: 3.074 Thread 0x00000210388fb260 Exception <a 'java/lang/NoSuchMethodError'{0x0000000088ae3268}: 'java.lang.Object java.lang.invoke.Invokers$Holder.invokeExact_MT(java.lang.Object, long, java.lang.Object)'> (0x0000000088ae3268) 
thrown [s\open\src\hotspot\share\interpreter\linkResolver.cpp, line 804]
Event: 3.079 Thread 0x00000210388fb260 Exception <a 'java/lang/NoSuchMethodError'{0x0000000088904fe0}: 'void java.lang.invoke.DelegatingMethodHandle$Holder.reinvoke_L(java.lang.Object, java.lang.Object, java.lang.Object, long, long)'> (0x0000000088904fe0) 
thrown [s\open\src\hotspot\share\interpreter\linkResolver.cpp, line 804]
Event: 3.096 Thread 0x00000210388fb260 Exception <a 'java/lang/NoSuchMethodError'{0x0000000088962998}: 'int java.lang.invoke.Invokers$Holder.invokeExact_MT(java.lang.Object, java.lang.Object, java.lang.Object, int, java.lang.Object, java.lang.Object)'> (0x0000000088962998) 
thrown [s\open\src\hotspot\share\interpreter\linkResolver.cpp, line 804]
Event: 3.130 Thread 0x00000210388fb260 Exception <a 'java/lang/NoSuchMethodError'{0x0000000088986098}: 'int java.lang.invoke.DelegatingMethodHandle$Holder.reinvoke_L(java.lang.Object, java.lang.Object, java.lang.Object, long)'> (0x0000000088986098) 
thrown [s\open\src\hotspot\share\interpreter\linkResolver.cpp, line 804]
Event: 3.135 Thread 0x00000210388fb260 Exception <a 'java/lang/NoSuchMethodError'{0x00000000889a6630}: 'java.lang.Object java.lang.invoke.DirectMethodHandle$Holder.invokeStatic(java.lang.Object, java.lang.Object, java.lang.Object, java.lang.Object, java.lang.Object, long)'> (0x00000000889a6630) 
thrown [s\open\src\hotspot\share\interpreter\linkResolver.cpp, line 804]
Event: 3.716 Thread 0x0000021037bed170 Exception <a 'java/lang/NoSuchMethodError'{0x0000000089368898}: 'long java.lang.invoke.DirectMethodHandle$Holder.invokeVirtual(java.lang.Object, java.lang.Object)'> (0x0000000089368898) 
thrown [s\open\src\hotspot\share\interpreter\linkResolver.cpp, line 804]
Event: 3.717 Thread 0x0000021037bed170 Exception <a 'java/lang/NoSuchMethodError'{0x0000000089370948}: 'long java.lang.invoke.DelegatingMethodHandle$Holder.reinvoke_L(java.lang.Object, java.lang.Object)'> (0x0000000089370948) 
thrown [s\open\src\hotspot\share\interpreter\linkResolver.cpp, line 804]

VM Operations (20 events):
Event: 2.175 Executing non-safepoint VM operation: HandshakeAllThreads (Deoptimize)
Event: 2.175 Executing non-safepoint VM operation: HandshakeAllThreads (Deoptimize) done
Event: 2.603 Executing non-safepoint VM operation: HandshakeAllThreads (Deoptimize)
Event: 2.603 Executing non-safepoint VM operation: HandshakeAllThreads (Deoptimize) done
Event: 2.726 Executing non-safepoint VM operation: HandshakeAllThreads (Deoptimize)
Event: 2.727 Executing non-safepoint VM operation: HandshakeAllThreads (Deoptimize) done
Event: 2.748 Executing non-safepoint VM operation: HandshakeAllThreads (Deoptimize)
Event: 2.748 Executing non-safepoint VM operation: HandshakeAllThreads (Deoptimize) done
Event: 2.771 Executing non-safepoint VM operation: HandshakeAllThreads (Deoptimize)
Event: 2.772 Executing non-safepoint VM operation: HandshakeAllThreads (Deoptimize) done
Event: 2.848 Executing non-safepoint VM operation: HandshakeAllThreads (Deoptimize)
Event: 2.848 Executing non-safepoint VM operation: HandshakeAllThreads (Deoptimize) done
Event: 2.853 Executing non-safepoint VM operation: HandshakeAllThreads (Deoptimize)
Event: 2.853 Executing non-safepoint VM operation: HandshakeAllThreads (Deoptimize) done
Event: 3.045 Executing non-safepoint VM operation: HandshakeAllThreads (Deoptimize)
Event: 3.045 Executing non-safepoint VM operation: HandshakeAllThreads (Deoptimize) done
Event: 3.355 Executing non-safepoint VM operation: HandshakeAllThreads (Deoptimize)
Event: 3.355 Executing non-safepoint VM operation: HandshakeAllThreads (Deoptimize) done
Event: 3.481 Executing non-safepoint VM operation: HandshakeAllThreads (Deoptimize)
Event: 3.481 Executing non-safepoint VM operation: HandshakeAllThreads (Deoptimize) done

Memory protections (0 events):
No events

Nmethod flushes (0 events):
No events

Events (20 events):
Event: 0.232 Thread 0x000002101661b940 Thread added: 0x00000210370ea740
Event: 0.294 Thread 0x000002101661b940 Thread added: 0x0000021037207f60
Event: 0.294 Thread 0x000002101661b940 Thread added: 0x00000210371f13e0
Event: 0.443 Thread 0x000002101661b940 Thread added: 0x00000210377146c0
Event: 0.445 Thread 0x000002101661b940 Thread added: 0x0000021037715690
Event: 0.445 Thread 0x000002101661b940 Thread added: 0x0000021037715e50
Event: 1.043 Thread 0x0000021032c16920 Thread added: 0x00000210378cfd00
Event: 1.403 Thread 0x00000210378cfd00 Thread exited: 0x00000210378cfd00
Event: 1.565 Thread 0x0000021037715690 Thread exited: 0x0000021037715690
Event: 1.998 Thread 0x0000021032c16920 Thread added: 0x00000210379e7f90
Event: 1.999 Thread 0x000002101661b940 Thread added: 0x00000210379e87a0
Event: 2.091 Thread 0x000002101661b940 Thread added: 0x00000210388fb260
Event: 2.092 Thread 0x000002101661b940 Thread exited: 0x000002101661b940
Event: 2.092 Thread 0x000002101661b940 Thread added: 0x000002101661b940
Event: 2.126 Thread 0x0000021032bd20e0 Thread added: 0x00000210370f0be0
Event: 2.184 Thread 0x00000210370f0be0 Thread added: 0x0000021037bed170
Event: 2.252 Thread 0x0000021037bed170 Thread added: 0x0000021037a56490
Event: 2.262 Thread 0x0000021037bed170 Thread added: 0x0000021037be78c0
Event: 3.240 Thread 0x00000210379e7f90 Thread exited: 0x00000210379e7f90
Event: 3.541 Thread 0x00000210388fb260 Thread added: 0x0000021037bea7a0


Dynamic libraries:
0x00007ff67c850000 - 0x00007ff67c860000 	C:\Program Files\Java\jdk-25\bin\java.exe
0x00007ffe0e4a0000 - 0x00007ffe0e707000 	C:\WINDOWS\SYSTEM32\ntdll.dll
0x00007ffe0d360000 - 0x00007ffe0d429000 	C:\WINDOWS\System32\KERNEL32.DLL
0x00007ffe0b980000 - 0x00007ffe0bd71000 	C:\WINDOWS\System32\KERNELBASE.dll
0x00007ffe0be40000 - 0x00007ffe0bf8b000 	C:\WINDOWS\System32\ucrtbase.dll
0x00007ffde3dc0000 - 0x00007ffde3dd7000 	C:\Program Files\Java\jdk-25\bin\jli.dll
0x00007ffdc8780000 - 0x00007ffdc879e000 	C:\Program Files\Java\jdk-25\bin\VCRUNTIME140.dll
0x00007ffe0d500000 - 0x00007ffe0d6c5000 	C:\WINDOWS\System32\USER32.dll
0x00007ffe0ad80000 - 0x00007ffe0ada7000 	C:\WINDOWS\System32\win32u.dll
0x00007ffdf94f0000 - 0x00007ffdf9783000 	C:\WINDOWS\WinSxS\amd64_microsoft.windows.common-controls_6595b64144ccf1df_6.0.26100.8037_none_3e092faae333b53b\COMCTL32.dll
0x00007ffe0dcb0000 - 0x00007ffe0dcdb000 	C:\WINDOWS\System32\GDI32.dll
0x00007ffe0d2b0000 - 0x00007ffe0d359000 	C:\WINDOWS\System32\msvcrt.dll
0x00007ffe0b620000 - 0x00007ffe0b74b000 	C:\WINDOWS\System32\gdi32full.dll
0x00007ffe0b8d0000 - 0x00007ffe0b973000 	C:\WINDOWS\System32\msvcp_win.dll
0x00007ffe0c240000 - 0x00007ffe0c271000 	C:\WINDOWS\System32\IMM32.DLL
0x00007ffded520000 - 0x00007ffded52c000 	C:\Program Files\Java\jdk-25\bin\vcruntime140_1.dll
0x00007ffdc5e80000 - 0x00007ffdc5f0d000 	C:\Program Files\Java\jdk-25\bin\msvcp140.dll
0x00007ffd78f10000 - 0x00007ffd79d6f000 	C:\Program Files\Java\jdk-25\bin\server\jvm.dll
0x00007ffe0d430000 - 0x00007ffe0d4eb000 	C:\WINDOWS\System32\ADVAPI32.dll
0x00007ffe0c770000 - 0x00007ffe0c817000 	C:\WINDOWS\System32\sechost.dll
0x00007ffe0dce0000 - 0x00007ffe0ddf8000 	C:\WINDOWS\System32\RPCRT4.dll
0x00007ffe0dfd0000 - 0x00007ffe0e044000 	C:\WINDOWS\System32\WS2_32.dll
0x00007ffdfac00000 - 0x00007ffdfac35000 	C:\WINDOWS\SYSTEM32\WINMM.dll
0x00007ffe0abe0000 - 0x00007ffe0ac3e000 	C:\WINDOWS\SYSTEM32\POWRPROF.dll
0x00007ffdfd3f0000 - 0x00007ffdfd3fb000 	C:\WINDOWS\SYSTEM32\VERSION.dll
0x00007ffe0abc0000 - 0x00007ffe0abd4000 	C:\WINDOWS\SYSTEM32\UMPDC.dll
0x00007ffe09b10000 - 0x00007ffe09b2b000 	C:\WINDOWS\SYSTEM32\kernel.appcore.dll
0x00007ffde9e30000 - 0x00007ffde9e3a000 	C:\Program Files\Java\jdk-25\bin\jimage.dll
0x00007ffe08e50000 - 0x00007ffe09092000 	C:\WINDOWS\SYSTEM32\DBGHELP.DLL
0x00007ffe0e050000 - 0x00007ffe0e3d2000 	C:\WINDOWS\System32\combase.dll
0x00007ffe0dbd0000 - 0x00007ffe0dca7000 	C:\WINDOWS\System32\OLEAUT32.dll
0x00007ffde8b20000 - 0x00007ffde8b5b000 	C:\WINDOWS\SYSTEM32\dbgcore.DLL
0x00007ffe0bf90000 - 0x00007ffe0c035000 	C:\WINDOWS\System32\bcryptPrimitives.dll
0x00007ffde5660000 - 0x00007ffde5670000 	C:\Program Files\Java\jdk-25\bin\instrument.dll
0x00007ffdc74d0000 - 0x00007ffdc74ef000 	C:\Program Files\Java\jdk-25\bin\java.dll
0x00007ffe0c4c0000 - 0x00007ffe0c655000 	C:\WINDOWS\System32\ole32.dll
0x00007ffe0cb10000 - 0x00007ffe0d26f000 	C:\WINDOWS\System32\SHELL32.dll
0x00007ffe0c0d0000 - 0x00007ffe0c23a000 	C:\WINDOWS\System32\wintypes.dll
0x00007ffe0adb0000 - 0x00007ffe0b614000 	C:\WINDOWS\System32\windows.storage.dll
0x00007ffe0c670000 - 0x00007ffe0c767000 	C:\WINDOWS\System32\SHCORE.dll
0x00007ffe0ca00000 - 0x00007ffe0ca67000 	C:\WINDOWS\System32\shlwapi.dll
0x00007ffe0aca0000 - 0x00007ffe0acc9000 	C:\WINDOWS\SYSTEM32\profapi.dll
0x00007ffdc1580000 - 0x00007ffdc1597000 	C:\Program Files\Java\jdk-25\bin\zip.dll
0x00007ffdc1e00000 - 0x00007ffdc1e12000 	C:\Program Files\Java\jdk-25\bin\net.dll
0x00007ffe0a080000 - 0x00007ffe0a0eb000 	C:\WINDOWS\system32\mswsock.dll
0x00007ffdc74b0000 - 0x00007ffdc74c6000 	C:\Program Files\Java\jdk-25\bin\nio.dll
0x00007ffd96b70000 - 0x00007ffd96cf4000 	C:\Program Files\Java\jdk-25\bin\awt.dll
0x00007ffe07be0000 - 0x00007ffe07c7f000 	C:\WINDOWS\SYSTEM32\apphelp.dll
0x00007ffde6dd0000 - 0x00007ffde6dd9000 	C:\Program Files\Java\jdk-25\bin\extnet.dll
0x00007ffe083e0000 - 0x00007ffe0848a000 	C:\WINDOWS\system32\uxtheme.dll
0x00007ffe0de20000 - 0x00007ffe0df7d000 	C:\WINDOWS\System32\MSCTF.dll
0x00007ffe086d0000 - 0x00007ffe086fe000 	C:\WINDOWS\system32\DWMAPI.DLL
0x00007ffdad400000 - 0x00007ffdad487000 	C:\Program Files\Java\jdk-25\bin\freetype.dll
0x00007ffdaa430000 - 0x00007ffdaa51e000 	C:\Program Files\Java\jdk-25\bin\fontmanager.dll
0x00007ffde7010000 - 0x00007ffde7020000 	C:\Program Files\Java\jdk-25\bin\verify.dll
0x00007ffe0a360000 - 0x00007ffe0a37b000 	C:\WINDOWS\SYSTEM32\CRYPTSP.dll
0x00007ffe09a70000 - 0x00007ffe09aa9000 	C:\WINDOWS\system32\rsaenh.dll
0x00007ffe0a130000 - 0x00007ffe0a162000 	C:\WINDOWS\SYSTEM32\USERENV.dll
0x00007ffe0ac70000 - 0x00007ffe0ac9a000 	C:\WINDOWS\SYSTEM32\bcrypt.dll
0x00007ffe0a380000 - 0x00007ffe0a38c000 	C:\WINDOWS\SYSTEM32\CRYPTBASE.dll
0x00007ffe09500000 - 0x00007ffe09533000 	C:\WINDOWS\SYSTEM32\IPHLPAPI.DLL
0x00007ffe0c660000 - 0x00007ffe0c66a000 	C:\WINDOWS\System32\NSI.dll
0x00007ffe095b0000 - 0x00007ffe096da000 	C:\WINDOWS\SYSTEM32\DNSAPI.dll
0x00007ffdfa230000 - 0x00007ffdfa23b000 	C:\Windows\System32\rasadhlp.dll
0x00007ffdfd8f0000 - 0x00007ffdfd976000 	C:\WINDOWS\System32\fwpuclnt.dll
0x00007ffde6e80000 - 0x00007ffde6e8a000 	C:\Program Files\Java\jdk-25\bin\management.dll
0x00007ffde6e70000 - 0x00007ffde6e7c000 	C:\Program Files\Java\jdk-25\bin\management_ext.dll
0x00007ffe0d4f0000 - 0x00007ffe0d4f8000 	C:\WINDOWS\System32\PSAPI.DLL
0x00007ffdafbc0000 - 0x00007ffdafcb4000 	C:\Users\PAPA ALY\AppData\Local\Temp\sqlite-3.45.1.0-6594d4f2-7a28-48b9-ae82-f4bb86186308-sqlitejdbc.dll
0x00007ffde4b40000 - 0x00007ffde4b58000 	C:\WINDOWS\system32\napinsp.dll
0x00007ffdf0560000 - 0x00007ffdf0572000 	C:\WINDOWS\System32\winrnr.dll
0x00007ffddbc30000 - 0x00007ffddbc52000 	C:\WINDOWS\system32\nlansp_c.dll
0x00007ffddd8f0000 - 0x00007ffddd906000 	C:\WINDOWS\system32\wshbth.dll
0x00007ffde0d30000 - 0x00007ffde0e3e000 	C:\WINDOWS\system32\opengl32.dll
0x00007ffde17e0000 - 0x00007ffde180d000 	C:\WINDOWS\SYSTEM32\GLU32.dll
0x00007ffe084f0000 - 0x00007ffe08533000 	C:\WINDOWS\SYSTEM32\dxcore.dll
0x00007ffded6d0000 - 0x00007ffded726000 	C:\WINDOWS\SYSTEM32\pdh.dll
0x00007ffe0c280000 - 0x00007ffe0c32e000 	C:\WINDOWS\System32\clbcatq.dll
0x00007ffe05fb0000 - 0x00007ffe061dd000 	C:\WINDOWS\SYSTEM32\WindowsCodecs.dll
0x00007ffddda80000 - 0x00007ffdddada000 	C:\WINDOWS\system32\dataexchange.dll
0x00007ffdfc420000 - 0x00007ffdfc664000 	C:\WINDOWS\system32\twinapi.appcore.dll
0x00007ffde3e30000 - 0x00007ffde3e39000 	C:\Program Files\Java\jdk-25\bin\syslookup.dll
0x00007ffdf48e0000 - 0x00007ffdf4a28000 	C:\WINDOWS\SYSTEM32\textinputframework.dll
0x00007ffdec8f0000 - 0x00007ffdec902000 	C:\WINDOWS\System32\perfproc.dll
0x00007ffe07620000 - 0x00007ffe07747000 	C:\WINDOWS\SYSTEM32\CoreMessaging.dll
0x00007ffe03e70000 - 0x00007ffe04152000 	C:\WINDOWS\SYSTEM32\CoreUIComponents.dll
0x00007ffdec790000 - 0x00007ffdec7a1000 	C:\WINDOWS\System32\perfos.dll
0x00007ffe083c0000 - 0x00007ffe083d2000 	C:\WINDOWS\SYSTEM32\pfclient.dll

JVMTI agents:
C:\Users\PAPA ALY\Downloads\idea-2025.3.3.win\lib\idea_rt.jar path:C:\Program Files\Java\jdk-25\bin\instrument.dll, loaded, initialized, instrumentlib options:58887

dbghelp: loaded successfully - version: 4.0.5 - missing functions: none
symbol engine: initialized successfully - sym options: 0x614 - pdb path: .;C:\Program Files\Java\jdk-25\bin;C:\WINDOWS\SYSTEM32;C:\WINDOWS\WinSxS\amd64_microsoft.windows.common-controls_6595b64144ccf1df_6.0.26100.8037_none_3e092faae333b53b;C:\Program Files\Java\jdk-25\bin\server;C:\Users\PAPA ALY\AppData\Local\Temp

VM Arguments:
jvm_args: -javaagent:C:\Users\PAPA ALY\Downloads\idea-2025.3.3.win\lib\idea_rt.jar=58887 -Dfile.encoding=UTF-8 -Dsun.stdout.encoding=UTF-8 -Dsun.stderr.encoding=UTF-8 
java_command: com.univscheduler.MainApp
java_class_path (initial): C:\Bureau\UNIV-SCHEDULER.F\UNIV-SCHEDULER\target\classes;C:\Users\PAPA ALY\.m2\repository\org\xerial\sqlite-jdbc\3.45.1.0\sqlite-jdbc-3.45.1.0.jar;C:\Users\PAPA ALY\.m2\repository\org\slf4j\slf4j-api\1.7.36\slf4j-api-1.7.36.jar;C:\Users\PAPA ALY\.m2\repository\org\mindrot\jbcrypt\0.4\jbcrypt-0.4.jar;C:\Users\PAPA ALY\.m2\repository\com\github\librepdf\openpdf\1.3.30\openpdf-1.3.30.jar;C:\Users\PAPA ALY\.m2\repository\com\google\code\findbugs\jsr305\3.0.2\jsr305-3.0.2.jar;C:\Users\PAPA ALY\.m2\repository\com\sun\mail\jakarta.mail\2.0.2\jakarta.mail-2.0.2.jar;C:\Users\PAPA ALY\.m2\repository\com\sun\activation\jakarta.activation\2.0.1\jakarta.activation-2.0.1.jar
Launcher Type: SUN_STANDARD

[Global flags]
     intx CICompilerCount                          = 3                                         {product} {ergonomic}
     uint ConcGCThreads                            = 1                                         {product} {ergonomic}
     uint G1ConcRefinementThreads                  = 4                                         {product} {ergonomic}
   size_t G1HeapRegionSize                         = 1048576                                   {product} {ergonomic}
   size_t InitialHeapSize                          = 134217728                                 {product} {ergonomic}
   size_t MarkStackSize                            = 4194304                                   {product} {ergonomic}
   size_t MarkStackSizeMax                         = 536870912                                 {product} {ergonomic}
   size_t MaxHeapSize                              = 2120220672                                {product} {ergonomic}
   size_t MaxNewSize                               = 1271922688                                {product} {ergonomic}
   size_t MinHeapDeltaBytes                        = 1048576                                   {product} {ergonomic}
   size_t MinHeapSize                              = 8388608                                   {product} {ergonomic}
    uintx NonNMethodCodeHeapSize                   = 5832704                                {pd product} {ergonomic}
    uintx NonProfiledCodeHeapSize                  = 122945536                              {pd product} {ergonomic}
    uintx ProfiledCodeHeapSize                     = 122880000                              {pd product} {ergonomic}
    uintx ReservedCodeCacheSize                    = 251658240                              {pd product} {ergonomic}
     bool SegmentedCodeCache                       = true                                      {product} {ergonomic}
   size_t SoftMaxHeapSize                          = 2120220672                             {manageable} {ergonomic}
     bool UseCompressedOops                        = true                           {product lp64_product} {ergonomic}
     bool UseG1GC                                  = true                                      {product} {ergonomic}
     bool UseLargePagesIndividualAllocation        = false                                  {pd product} {ergonomic}

Logging:
Log output configuration:
 #0: stdout all=warning uptime,level,tags foldmultilines=false
 #1: stderr all=off uptime,level,tags foldmultilines=false

Release file:
IMPLEMENTOR="Oracle Corporation" 
JAVA_RUNTIME_VERSION="25.0.1+8-LTS-27" 
JAVA_VERSION="25.0.1" 
JAVA_VERSION_DATE="2025-10-21" 
LIBC="default" 
MODULES="java.base java.compiler java.datatransfer java.xml java.prefs java.desktop java.instrument java.logging java.management java.security.sasl java.naming java.rmi java.management.rmi java.net.http java.scripting java.security.jgss java.transaction.xa java.sql java.sql.rowset java.xml.crypto java.se java.smartcardio jdk.accessibility jdk.internal.jvmstat jdk.attach jdk.charsets jdk.internal.opt jdk.zipfs jdk.compiler jdk.crypto.cryptoki jdk.crypto.ec jdk.crypto.mscapi jdk.dynalink jdk.internal.ed jdk.editpad jdk.internal.vm.ci jdk.graal.compiler jdk.graal.compiler.management jdk.hotspot.agent jdk.httpserver jdk.incubator.vector jdk.internal.le jdk.internal.md jdk.jartool jdk.javadoc jdk.jcmd jdk.management jdk.management.agent jdk.jconsole jdk.jdeps jdk.jdwp.agent jdk.jdi jdk.jfr jdk.jlink jdk.jpackage jdk.jshell jdk.jsobject jdk.jstatd jdk.localedata jdk.management.jfr jdk.naming.dns jdk.naming.rmi jdk.net jdk.nio.mapmode jdk.sctp jdk.security.auth jdk.security.jgss jdk.unsupported jdk.unsupported.desktop jdk.xml.dom" 
OS_ARCH="x86_64" 
OS_NAME="Windows" 
SOURCE=".:git:862c85bc42b7 open:git:78770bfaefd2" 

Environment Variables:
JAVA_HOME=C:\Program Files\Java\jdk-25
PATH=C:\Program Files\Common Files\Oracle\Java\javapath;C:\Program Files (x86)\Common Files\Oracle\Java\java8path;C:\Program Files (x86)\Common Files\Oracle\Java\javapath;C:\WINDOWS\system32;C:\WINDOWS;C:\WINDOWS\System32\Wbem;C:\WINDOWS\System32\WindowsPowerShell\v1.0\;C:\WINDOWS\System32\OpenSSH\;C:\Program Files\Git\cmd;C:\Program Files\nodejs\;C:\Users\PAPA ALY\.local\bin;C:\Program Files\Common Files\Oracle\Java\javapath;C:\WINDOWS\system32;C:\WINDOWS;C:\WINDOWS\System32\Wbem;C:\WINDOWS\System32\WindowsPowerShell\v1.0\;C:\WINDOWS\System32\OpenSSH\;C:\Program Files\Git\cmd;C:\Program Files\nodejs\;C:\Users\PAPA ALY\AppData\Local\Microsoft\WindowsApps;C:\Users\PAPA ALY\AppData\Local\Programs\Microsoft VS Code\bin;C:\minggw64\bin;C:\Users\PAPA ALY\AppData\Roaming\npm;C:\Program Files\Java\jdk-25\bin;C:\Users\PAPA ALY\AppData\Local\Programs\cursor\resources\app\bin
USERNAME=PAPA ALY
OS=Windows_NT
PROCESSOR_IDENTIFIER=Intel64 Family 6 Model 78 Stepping 3, GenuineIntel
TMP=C:\Users\PAPAAL~1\AppData\Local\Temp
TEMP=C:\Users\PAPAAL~1\AppData\Local\Temp




Compilation memory statistics disabled.

Periodic native trim disabled

---------------  S Y S T E M  ---------------

OS:
 Windows 11 , 64 bit Build 26100 (10.0.26100.7920)
OS uptime: 9 days 7:48 hours

CPU: total 4 (initial active 4) (2 cores per cpu, 2 threads per core) family 6 model 78 stepping 3 microcode 0xf0, cx8, cmov, fxsr, ht, mmx, 3dnowpref, sse, sse2, sse3, ssse3, sse4.1, sse4.2, popcnt, lzcnt, tsc, tscinvbit, avx, avx2, aes, erms, clmul, bmi1, bmi2, rtm, adx, fma, vzeroupper, clflush, clflushopt, rdtscp, f16c
Processor Information for the first 4 processors :
  Max Mhz: 2501, Current Mhz: 2501, Mhz Limit: 2501

Memory: 4k page, system-wide physical 8083M (506M free)
TotalPageFile size 32101M (AvailPageFile size 4M)
current process WorkingSet (physical memory assigned to process): 136M, peak: 137M
current process commit charge ("private bytes"): 254M, peak: 258M

vm_info: Java HotSpot(TM) 64-Bit Server VM (25.0.1+8-LTS-27) for windows-amd64 JRE (25.0.1+8-LTS-27), built on 2025-09-25T16:41:16Z with unknown MS VC++:1943

END.
